#
# There is insufficient memory for the Java Runtime Environment to continue.
# Native memory allocation (malloc) failed to allocate 520176 bytes for Chunk::new
# Possible reasons:
#   The system is out of physical RAM or swap space
#   The process is running with CompressedOops enabled, and the Java Heap may be blocking the growth of the native heap
# Possible solutions:
#   Reduce memory load on the system
#   Increase physical memory or swap space
#   Check if swap backing store is full
#   Decrease Java heap size (-Xmx/-Xms)
#   Decrease number of Java threads
#   Decrease Java thread stack sizes (-Xss)
#   Set larger code cache with -XX:ReservedCodeCacheSize=
#   JVM is running with Unscaled Compressed Oops mode in which the Java heap is
#     placed in the first 4GB address space. The Java Heap base address is the
#     maximum limit for the native heap growth. Please use -XX:HeapBaseMinAddress
#     to set the Java Heap base and to place the Java Heap above 4GB virtual address.
# This output file may be truncated or incomplete.
#
#  Out of Memory Error (allocation.cpp:389), pid=8760, tid=0x000000000000227c
#
# JRE version: OpenJDK Runtime Environment (8.0_242-b01) (build 1.8.0_242-release-1644-b01)
# Java VM: OpenJDK 64-Bit Server VM (25.242-b01 mixed mode windows-amd64 compressed oops)
# Failed to write core dump. Minidumps are not enabled by default on client versions of Windows
#

---------------  T H R E A D  ---------------

Current thread (0x0000000017403800):  JavaThread "C2 CompilerThread0" daemon [_thread_in_native, id=8828, stack(0x0000000018a60000,0x0000000018b60000)]

Stack: [0x0000000018a60000,0x0000000018b60000]
[error occurred during error reporting (printing stack bounds), id 0xc0000005]

Native frames: (J=compiled Java code, j=interpreted, Vv=VM code, C=native code)


Current CompileTask:
C2: 121341 4783       4       java.lang.Class::getMethod0 (40 bytes)


---------------  P R O C E S S  ---------------

Java Threads: ( => current thread )
  0x000000001a431000 JavaThread "Cache worker for Build Output Cleanup Cache (C:\Users\Majid jani\AndroidStudioProjects\MyApplication2\.gradle\buildOutputCleanup)" [_thread_blocked, id=3980, stack(0x0000000027c40000,0x0000000027d40000)]
  0x000000001a42f800 JavaThread "jar transforms Thread 92" [_thread_blocked, id=3344, stack(0x0000000027940000,0x0000000027a40000)]
  0x000000001a431800 JavaThread "jar transforms Thread 91" [_thread_blocked, id=12076, stack(0x0000000027840000,0x0000000027940000)]
  0x000000001a434800 JavaThread "jar transforms Thread 90" [_thread_blocked, id=7304, stack(0x0000000027740000,0x0000000027840000)]
  0x000000001a428000 JavaThread "jar transforms Thread 89" [_thread_blocked, id=11080, stack(0x0000000027640000,0x0000000027740000)]
  0x000000001a42e800 JavaThread "jar transforms Thread 88" [_thread_blocked, id=1364, stack(0x0000000027540000,0x0000000027640000)]
  0x000000001a42c800 JavaThread "jar transforms Thread 87" [_thread_blocked, id=5928, stack(0x0000000027440000,0x0000000027540000)]
  0x000000001a42b000 JavaThread "jar transforms Thread 86" [_thread_blocked, id=8392, stack(0x0000000027340000,0x0000000027440000)]
  0x000000001a42e000 JavaThread "jar transforms Thread 85" [_thread_blocked, id=5860, stack(0x0000000027240000,0x0000000027340000)]
  0x000000001a42b800 JavaThread "jar transforms Thread 84" [_thread_blocked, id=3084, stack(0x0000000027140000,0x0000000027240000)]
  0x000000001a429800 JavaThread "jar transforms Thread 83" [_thread_blocked, id=3032, stack(0x0000000027040000,0x0000000027140000)]
  0x000000001a427000 JavaThread "jar transforms Thread 82" [_thread_blocked, id=11096, stack(0x0000000026f40000,0x0000000027040000)]
  0x000000001a426800 JavaThread "jar transforms Thread 81" [_thread_blocked, id=2752, stack(0x0000000026e40000,0x0000000026f40000)]
  0x000000001a428800 JavaThread "jar transforms Thread 80" [_thread_blocked, id=9620, stack(0x0000000026d40000,0x0000000026e40000)]
  0x000000001a42d000 JavaThread "jar transforms Thread 79" [_thread_blocked, id=8808, stack(0x0000000026c40000,0x0000000026d40000)]
  0x000000001a42a000 JavaThread "jar transforms Thread 78" [_thread_blocked, id=10712, stack(0x0000000026b40000,0x0000000026c40000)]
  0x000000001f109800 JavaThread "jar transforms Thread 77" [_thread_blocked, id=2356, stack(0x0000000026a40000,0x0000000026b40000)]
  0x000000001f108800 JavaThread "jar transforms Thread 76" [_thread_blocked, id=8328, stack(0x0000000026940000,0x0000000026a40000)]
  0x000000001f108000 JavaThread "jar transforms Thread 75" [_thread_blocked, id=916, stack(0x0000000026840000,0x0000000026940000)]
  0x000000001f105800 JavaThread "jar transforms Thread 74" [_thread_blocked, id=11524, stack(0x0000000026740000,0x0000000026840000)]
  0x000000001f10c800 JavaThread "jar transforms Thread 73" [_thread_blocked, id=2280, stack(0x0000000026640000,0x0000000026740000)]
  0x000000001f10a000 JavaThread "jar transforms Thread 72" [_thread_blocked, id=7716, stack(0x0000000026540000,0x0000000026640000)]
  0x000000001f10b000 JavaThread "jar transforms Thread 71" [_thread_blocked, id=2876, stack(0x0000000026440000,0x0000000026540000)]
  0x000000001f10b800 JavaThread "jar transforms Thread 70" [_thread_blocked, id=3000, stack(0x0000000026340000,0x0000000026440000)]
  0x000000001f105000 JavaThread "jar transforms Thread 69" [_thread_blocked, id=1132, stack(0x0000000026240000,0x0000000026340000)]
  0x000000001f107000 JavaThread "jar transforms Thread 68" [_thread_blocked, id=2740, stack(0x0000000026140000,0x0000000026240000)]
  0x000000001f106800 JavaThread "jar transforms Thread 67" [_thread_blocked, id=5916, stack(0x0000000026040000,0x0000000026140000)]
  0x000000001f0fd800 JavaThread "jar transforms Thread 66" [_thread_blocked, id=4876, stack(0x0000000025f40000,0x0000000026040000)]
  0x000000001f104000 JavaThread "jar transforms Thread 65" [_thread_blocked, id=7748, stack(0x0000000025e40000,0x0000000025f40000)]
  0x000000001f102800 JavaThread "jar transforms Thread 64" [_thread_blocked, id=7852, stack(0x0000000025d40000,0x0000000025e40000)]
  0x000000001f0fe000 JavaThread "jar transforms Thread 63" [_thread_blocked, id=5960, stack(0x0000000025c40000,0x0000000025d40000)]
  0x000000001f102000 JavaThread "jar transforms Thread 62" [_thread_blocked, id=9540, stack(0x0000000025b40000,0x0000000025c40000)]
  0x000000001f103800 JavaThread "jar transforms Thread 61" [_thread_blocked, id=2168, stack(0x0000000025a40000,0x0000000025b40000)]
  0x000000001f0ff000 JavaThread "jar transforms Thread 60" [_thread_blocked, id=11408, stack(0x0000000025940000,0x0000000025a40000)]
  0x000000001f100800 JavaThread "jar transforms Thread 59" [_thread_blocked, id=5456, stack(0x0000000025840000,0x0000000025940000)]
  0x000000001f0ff800 JavaThread "jar transforms Thread 58" [_thread_blocked, id=11884, stack(0x0000000025740000,0x0000000025840000)]
  0x000000001f101000 JavaThread "jar transforms Thread 57" [_thread_blocked, id=9696, stack(0x0000000025640000,0x0000000025740000)]
  0x000000001ae44000 JavaThread "jar transforms Thread 56" [_thread_blocked, id=3792, stack(0x0000000025540000,0x0000000025640000)]
  0x000000001ae45800 JavaThread "jar transforms Thread 55" [_thread_blocked, id=4964, stack(0x0000000025440000,0x0000000025540000)]
  0x000000001ae43000 JavaThread "jar transforms Thread 54" [_thread_blocked, id=10248, stack(0x0000000025340000,0x0000000025440000)]
  0x000000001ae46000 JavaThread "jar transforms Thread 53" [_thread_blocked, id=10236, stack(0x0000000025240000,0x0000000025340000)]
  0x000000001ae47800 JavaThread "jar transforms Thread 52" [_thread_blocked, id=756, stack(0x0000000025140000,0x0000000025240000)]
  0x000000001ae42800 JavaThread "jar transforms Thread 51" [_thread_blocked, id=11904, stack(0x0000000025040000,0x0000000025140000)]
  0x000000001ae47000 JavaThread "jar transforms Thread 50" [_thread_blocked, id=10924, stack(0x0000000024f40000,0x0000000025040000)]
  0x000000001ae44800 JavaThread "jar transforms Thread 49" [_thread_blocked, id=8716, stack(0x0000000024e40000,0x0000000024f40000)]
  0x000000001ae3a800 JavaThread "jar transforms Thread 48" [_thread_blocked, id=2020, stack(0x0000000024d40000,0x0000000024e40000)]
  0x000000001ae41800 JavaThread "jar transforms Thread 47" [_thread_blocked, id=476, stack(0x0000000024c40000,0x0000000024d40000)]
  0x000000001ae40800 JavaThread "jar transforms Thread 46" [_thread_blocked, id=7932, stack(0x0000000024b40000,0x0000000024c40000)]
  0x000000001ae3c000 JavaThread "jar transforms Thread 45" [_thread_blocked, id=7572, stack(0x0000000024a40000,0x0000000024b40000)]
  0x000000001ae40000 JavaThread "jar transforms Thread 44" [_thread_blocked, id=10308, stack(0x0000000024940000,0x0000000024a40000)]
  0x000000001ae3a000 JavaThread "jar transforms Thread 43" [_thread_blocked, id=6212, stack(0x0000000024840000,0x0000000024940000)]
  0x000000001ae39000 JavaThread "jar transforms Thread 42" [_thread_blocked, id=8016, stack(0x0000000024740000,0x0000000024840000)]
  0x000000001ae3f000 JavaThread "jar transforms Thread 41" [_thread_blocked, id=2176, stack(0x0000000024640000,0x0000000024740000)]
  0x000000001ae3e800 JavaThread "jar transforms Thread 40" [_thread_blocked, id=7968, stack(0x0000000024540000,0x0000000024640000)]
  0x000000001ae38800 JavaThread "jar transforms Thread 39" [_thread_blocked, id=3300, stack(0x0000000024440000,0x0000000024540000)]
  0x000000001ae3d800 JavaThread "jar transforms Thread 38" [_thread_blocked, id=7052, stack(0x0000000024340000,0x0000000024440000)]
  0x000000001ae3b800 JavaThread "jar transforms Thread 37" [_thread_blocked, id=11396, stack(0x0000000024240000,0x0000000024340000)]
  0x000000001ae3d000 JavaThread "jar transforms Thread 36" [_thread_blocked, id=6904, stack(0x0000000024140000,0x0000000024240000)]
  0x000000001d86b800 JavaThread "jar transforms Thread 35" [_thread_blocked, id=2812, stack(0x0000000024040000,0x0000000024140000)]
  0x000000001d86b000 JavaThread "jar transforms Thread 34" [_thread_blocked, id=3916, stack(0x0000000023f40000,0x0000000024040000)]
  0x000000001d86e800 JavaThread "jar transforms Thread 33" [_thread_blocked, id=3564, stack(0x0000000023e40000,0x0000000023f40000)]
  0x000000001d870000 JavaThread "jar transforms Thread 32" [_thread_blocked, id=1016, stack(0x0000000023d40000,0x0000000023e40000)]
  0x000000001d86d000 JavaThread "jar transforms Thread 31" [_thread_blocked, id=3604, stack(0x0000000023c40000,0x0000000023d40000)]
  0x000000001d86f800 JavaThread "jar transforms Thread 30" [_thread_blocked, id=9608, stack(0x0000000023b40000,0x0000000023c40000)]
  0x000000001d86a000 JavaThread "jar transforms Thread 29" [_thread_blocked, id=7152, stack(0x0000000023a40000,0x0000000023b40000)]
  0x000000001d871000 JavaThread "jar transforms Thread 28" [_thread_blocked, id=10664, stack(0x0000000023940000,0x0000000023a40000)]
  0x000000001d86c800 JavaThread "jar transforms Thread 27" [_thread_blocked, id=11020, stack(0x0000000023840000,0x0000000023940000)]
  0x000000001d86e000 JavaThread "jar transforms Thread 26" [_thread_blocked, id=236, stack(0x0000000023740000,0x0000000023840000)]
  0x000000001d869000 JavaThread "jar transforms Thread 25" [_thread_blocked, id=8888, stack(0x0000000023640000,0x0000000023740000)]
  0x000000001d861800 JavaThread "jar transforms Thread 24" [_thread_blocked, id=1156, stack(0x0000000023440000,0x0000000023540000)]
  0x000000001d867800 JavaThread "jar transforms Thread 23" [_thread_blocked, id=6564, stack(0x0000000023340000,0x0000000023440000)]
  0x000000001d863000 JavaThread "jar transforms Thread 22" [_thread_blocked, id=2212, stack(0x0000000023240000,0x0000000023340000)]
  0x000000001d868800 JavaThread "jar transforms Thread 21" [_thread_blocked, id=9888, stack(0x0000000023140000,0x0000000023240000)]
  0x000000001d866000 JavaThread "jar transforms Thread 20" [_thread_blocked, id=9828, stack(0x0000000023040000,0x0000000023140000)]
  0x000000001d865800 JavaThread "jar transforms Thread 19" [_thread_blocked, id=5488, stack(0x0000000022f40000,0x0000000023040000)]
  0x000000001d867000 JavaThread "jar transforms Thread 18" [_thread_blocked, id=3760, stack(0x0000000022e40000,0x0000000022f40000)]
  0x000000001d864000 JavaThread "jar transforms Thread 17" [_thread_blocked, id=8628, stack(0x0000000022d40000,0x0000000022e40000)]
  0x000000001d862800 JavaThread "jar transforms Thread 16" [_thread_blocked, id=2616, stack(0x0000000022c40000,0x0000000022d40000)]
  0x000000001d864800 JavaThread "jar transforms Thread 15" [_thread_blocked, id=5796, stack(0x0000000022b40000,0x0000000022c40000)]
  0x000000001ae18000 JavaThread "jar transforms Thread 14" [_thread_blocked, id=5672, stack(0x0000000022a40000,0x0000000022b40000)]
  0x000000001ae17800 JavaThread "jar transforms Thread 13" [_thread_blocked, id=5772, stack(0x0000000022940000,0x0000000022a40000)]
  0x000000001ae1e000 JavaThread "jar transforms Thread 12" [_thread_blocked, id=5288, stack(0x0000000022840000,0x0000000022940000)]
  0x000000001ae16800 JavaThread "jar transforms Thread 11" [_thread_blocked, id=11772, stack(0x0000000022740000,0x0000000022840000)]
  0x000000001ae19800 JavaThread "jar transforms Thread 10" [_thread_blocked, id=4764, stack(0x0000000022640000,0x0000000022740000)]
  0x000000001ae1d800 JavaThread "jar transforms Thread 9" [_thread_blocked, id=3376, stack(0x0000000022540000,0x0000000022640000)]
  0x000000001ae1c800 JavaThread "jar transforms Thread 8" [_thread_blocked, id=6968, stack(0x0000000022440000,0x0000000022540000)]
  0x000000001ae1a800 JavaThread "jar transforms Thread 7" [_thread_blocked, id=10296, stack(0x0000000022340000,0x0000000022440000)]
  0x000000001ae19000 JavaThread "jar transforms Thread 6" [_thread_blocked, id=2092, stack(0x0000000022240000,0x0000000022340000)]
  0x000000001ae1b000 JavaThread "jar transforms Thread 5" [_thread_blocked, id=680, stack(0x0000000022140000,0x0000000022240000)]
  0x000000001ae1c000 JavaThread "jar transforms Thread 4" [_thread_blocked, id=12040, stack(0x0000000022040000,0x0000000022140000)]
  0x000000001ae10800 JavaThread "jar transforms Thread 3" [_thread_blocked, id=9612, stack(0x0000000021f40000,0x0000000022040000)]
  0x000000001ae0f000 JavaThread "jar transforms Thread 2" [_thread_blocked, id=1664, stack(0x0000000021e40000,0x0000000021f40000)]
  0x000000001ae11800 JavaThread "Build operations Thread 4" [_thread_blocked, id=9100, stack(0x0000000021d40000,0x0000000021e40000)]
  0x000000001ae14800 JavaThread "Build operations Thread 3" [_thread_blocked, id=3452, stack(0x0000000020620000,0x0000000020720000)]
  0x000000001ae10000 JavaThread "Build operations Thread 2" [_thread_blocked, id=9588, stack(0x000000001ce80000,0x000000001cf80000)]
  0x000000001ae13800 JavaThread "Build operations" [_thread_blocked, id=4100, stack(0x0000000000b90000,0x0000000000c90000)]
  0x000000001ae16000 JavaThread "Cache worker for file content cache (C:\Users\Majid jani\.gradle\caches\6.5\fileContent)" [_thread_blocked, id=11724, stack(0x0000000000a90000,0x0000000000b90000)]
  0x0000000018f94800 JavaThread "jar transforms" [_thread_blocked, id=7068, stack(0x0000000000990000,0x0000000000a90000)]
  0x0000000018f94000 JavaThread "Cache worker for execution history cache (C:\Users\Majid jani\.gradle\caches\6.5\executionHistory)" [_thread_blocked, id=764, stack(0x000000001ef50000,0x000000001f050000)]
  0x0000000018f97800 JavaThread "Cache worker for cache directory md-rule (C:\Users\Majid jani\.gradle\caches\6.5\md-rule)" [_thread_blocked, id=8136, stack(0x000000001ee50000,0x000000001ef50000)]
  0x0000000018f93000 JavaThread "Cache worker for cache directory md-supplier (C:\Users\Majid jani\.gradle\caches\6.5\md-supplier)" [_thread_blocked, id=5592, stack(0x000000001ed50000,0x000000001ee50000)]
  0x0000000018f91800 JavaThread "Cache worker for checksums cache (C:\Users\Majid jani\AndroidStudioProjects\MyApplication2\.gradle\checksums)" [_thread_blocked, id=7092, stack(0x000000001ec50000,0x000000001ed50000)]
  0x0000000018f96000 JavaThread "Cache worker for file hash cache (C:\Users\Majid jani\AndroidStudioProjects\MyApplication2\.gradle\6.5\fileHashes)" [_thread_blocked, id=11504, stack(0x000000001e950000,0x000000001ea50000)]
  0x0000000018f92800 JavaThread "Cache worker for file hash cache (C:\Users\Majid jani\.gradle\caches\6.5\fileHashes)" [_thread_blocked, id=11204, stack(0x000000001e450000,0x000000001e550000)]
  0x0000000018f98800 JavaThread "File lock request listener" [_thread_in_native, id=2556, stack(0x000000001d380000,0x000000001d480000)]
  0x0000000018f97000 JavaThread "Cache worker for journal cache (C:\Users\Majid jani\.gradle\caches\journal-1)" [_thread_blocked, id=6832, stack(0x000000001d280000,0x000000001d380000)]
  0x0000000019c2a800 JavaThread "Thread-9" [_thread_blocked, id=10036, stack(0x000000001cf80000,0x000000001d080000)]
  0x0000000019c24800 JavaThread "Asynchronous log dispatcher for DefaultDaemonConnection: socket connection from /127.0.0.1:61208 to /127.0.0.1:61210" [_thread_blocked, id=4140, stack(0x000000001cd80000,0x000000001ce80000)]
  0x0000000019c20800 JavaThread "Daemon worker" [_thread_in_vm, id=7132, stack(0x000000001cc80000,0x000000001cd80000)]
  0x0000000019c13800 JavaThread "Cancel handler" [_thread_blocked, id=11060, stack(0x000000001cb80000,0x000000001cc80000)]
  0x0000000018f34800 JavaThread "Handler for socket connection from /127.0.0.1:61208 to /127.0.0.1:61210" [_thread_in_native, id=1180, stack(0x000000001ca80000,0x000000001cb80000)]
  0x0000000018f32000 JavaThread "Daemon" [_thread_blocked, id=11024, stack(0x000000001c780000,0x000000001c880000)]
  0x0000000018e6a000 JavaThread "Daemon periodic checks" [_thread_blocked, id=8960, stack(0x000000001c680000,0x000000001c780000)]
  0x0000000018ff1800 JavaThread "Incoming local TCP Connector on port 61208" [_thread_in_native, id=11804, stack(0x000000001c440000,0x000000001c540000)]
  0x000000001a73b800 JavaThread "Daemon health stats" [_thread_blocked, id=10544, stack(0x000000001bd00000,0x000000001be00000)]
  0x000000001745c000 JavaThread "Service Thread" daemon [_thread_blocked, id=9752, stack(0x0000000019160000,0x0000000019260000)]
  0x000000001741b000 JavaThread "C1 CompilerThread2" daemon [_thread_blocked, id=68, stack(0x0000000018c60000,0x0000000018d60000)]
  0x000000001740b000 JavaThread "C2 CompilerThread1" daemon [_thread_in_native, id=10224, stack(0x0000000018b60000,0x0000000018c60000)]
=>0x0000000017403800 JavaThread "C2 CompilerThread0" daemon [_thread_in_native, id=8828, stack(0x0000000018a60000,0x0000000018b60000)]
  0x0000000017402000 JavaThread "Attach Listener" daemon [_thread_blocked, id=7180, stack(0x0000000018960000,0x0000000018a60000)]
  0x0000000017400800 JavaThread "Signal Dispatcher" daemon [_thread_blocked, id=5748, stack(0x0000000018860000,0x0000000018960000)]
  0x00000000027da800 JavaThread "Finalizer" daemon [_thread_blocked, id=10608, stack(0x0000000018660000,0x0000000018760000)]
  0x00000000173e9000 JavaThread "Reference Handler" daemon [_thread_blocked, id=4328, stack(0x0000000018560000,0x0000000018660000)]
  0x00000000026e2800 JavaThread "main" [_thread_blocked, id=7752, stack(0x0000000002560000,0x0000000002660000)]

Other Threads:
  0x00000000173c6800 VMThread [stack: 0x0000000018460000,0x0000000018560000] [id=7948]
  0x000000001745d000 WatcherThread [stack: 0x0000000019260000,0x0000000019360000] [id=9632]

VM state:not at safepoint (normal execution)

VM Mutex/Monitor currently owned by a thread: None

heap address: 0x0000000080000000, size: 2048 MB, Compressed Oops mode: 32-bit
Narrow klass base: 0x0000000000000000, Narrow klass shift: 3
Compressed class space size: 1073741824 Address: 0x0000000100000000

Heap:
 PSYoungGen      total 205824K, used 72790K [0x00000000d5580000, 0x00000000e7500000, 0x0000000100000000)
  eden space 193024K, 31% used [0x00000000d5580000,0x00000000d901a7a0,0x00000000e1200000)
  from space 12800K, 99% used [0x00000000e1200000,0x00000000e1e7b2d8,0x00000000e1e80000)
  to   space 16384K, 0% used [0x00000000e6500000,0x00000000e6500000,0x00000000e7500000)
 ParOldGen       total 46080K, used 18214K [0x0000000080000000, 0x0000000082d00000, 0x00000000d5580000)
  object space 46080K, 39% used [0x0000000080000000,0x00000000811c9878,0x0000000082d00000)
 Metaspace       used 50776K, capacity 52742K, committed 52952K, reserved 1095680K
  class space    used 6777K, capacity 7166K, committed 7168K, reserved 1048576K

Card table byte_map: [0x0000000011ba0000,0x0000000011fb0000] byte_map_base: 0x00000000117a0000

Marking Bits: (ParMarkBitMap*) 0x00000000652ff030
 Begin Bits: [0x0000000012660000, 0x0000000014660000)
 End Bits:   [0x0000000014660000, 0x0000000016660000)

Polling page: 0x0000000000800000

CodeCache: size=245760Kb used=14981Kb max_used=14983Kb free=230778Kb
 bounds [0x00000000027e0000, 0x00000000036a0000, 0x00000000117e0000]
 total_blobs=5113 nmethods=4350 adapters=674
 compilation: enabled

Compilation events (10 events):
Event: 121.133 Thread 0x0000000017403800 nmethod 4780 0x000000000367e6d0 code [0x000000000367e820, 0x000000000367e958]
Event: 121.133 Thread 0x0000000017403800 4781       4       java.util.LinkedList::add (7 bytes)
Event: 121.135 Thread 0x0000000017403800 nmethod 4781 0x0000000003670010 code [0x0000000003670160, 0x0000000003670298]
Event: 121.136 Thread 0x0000000017403800 4782       4       java.lang.Class::searchMethods (90 bytes)
Event: 121.155 Thread 0x0000000017403800 nmethod 4782 0x0000000003688d90 code [0x0000000003688f00, 0x00000000036894a8]
Event: 121.174 Thread 0x000000001740b000 nmethod 4774 0x000000000368df50 code [0x000000000368e180, 0x000000000368f370]
Event: 121.182 Thread 0x0000000017403800 4783       4       java.lang.Class::getMethod0 (40 bytes)
Event: 121.183 Thread 0x000000001740b000 4784       4       java.lang.Class::privateGetMethodRecursive (130 bytes)
Event: 121.240 Thread 0x000000001741b000 4785   !   3       org.codehaus.groovy.reflection.stdclasses.CachedSAMClass::getSAMMethodImpl (181 bytes)
Event: 121.244 Thread 0x000000001741b000 nmethod 4785 0x000000000368ab10 code [0x000000000368aee0, 0x000000000368d008]

GC Heap History (10 events):
Event: 48.230 GC heap before
{Heap before GC invocations=9 (full 1):
 PSYoungGen      total 136704K, used 4105K [0x00000000d5580000, 0x00000000de480000, 0x0000000100000000)
  eden space 128000K, 0% used [0x00000000d5580000,0x00000000d5580000,0x00000000dd280000)
  from space 8704K, 47% used [0x00000000ddc00000,0x00000000de002480,0x00000000de480000)
  to   space 9216K, 0% used [0x00000000dd280000,0x00000000dd280000,0x00000000ddb80000)
 ParOldGen       total 44032K, used 8596K [0x0000000080000000, 0x0000000082b00000, 0x00000000d5580000)
  object space 44032K, 19% used [0x0000000080000000,0x0000000080865350,0x0000000082b00000)
 Metaspace       used 20551K, capacity 21192K, committed 21248K, reserved 1067008K
  class space    used 2865K, capacity 3044K, committed 3072K, reserved 1048576K
Event: 48.524 GC heap after
Heap after GC invocations=9 (full 1):
 PSYoungGen      total 136704K, used 0K [0x00000000d5580000, 0x00000000de480000, 0x0000000100000000)
  eden space 128000K, 0% used [0x00000000d5580000,0x00000000d5580000,0x00000000dd280000)
  from space 8704K, 0% used [0x00000000ddc00000,0x00000000ddc00000,0x00000000de480000)
  to   space 9216K, 0% used [0x00000000dd280000,0x00000000dd280000,0x00000000ddb80000)
 ParOldGen       total 30720K, used 8766K [0x0000000080000000, 0x0000000081e00000, 0x00000000d5580000)
  object space 30720K, 28% used [0x0000000080000000,0x000000008088f850,0x0000000081e00000)
 Metaspace       used 20551K, capacity 21192K, committed 21248K, reserved 1067008K
  class space    used 2865K, capacity 3044K, committed 3072K, reserved 1048576K
}
Event: 76.058 GC heap before
{Heap before GC invocations=10 (full 1):
 PSYoungGen      total 136704K, used 128000K [0x00000000d5580000, 0x00000000de480000, 0x0000000100000000)
  eden space 128000K, 100% used [0x00000000d5580000,0x00000000dd280000,0x00000000dd280000)
  from space 8704K, 0% used [0x00000000ddc00000,0x00000000ddc00000,0x00000000de480000)
  to   space 9216K, 0% used [0x00000000dd280000,0x00000000dd280000,0x00000000ddb80000)
 ParOldGen       total 30720K, used 8766K [0x0000000080000000, 0x0000000081e00000, 0x00000000d5580000)
  object space 30720K, 28% used [0x0000000080000000,0x000000008088f850,0x0000000081e00000)
 Metaspace       used 32696K, capacity 33764K, committed 33920K, reserved 1079296K
  class space    used 4448K, capacity 4718K, committed 4736K, reserved 1048576K
Event: 76.878 GC heap after
Heap after GC invocations=10 (full 1):
 PSYoungGen      total 137216K, used 9203K [0x00000000d5580000, 0x00000000e2c80000, 0x0000000100000000)
  eden space 128000K, 0% used [0x00000000d5580000,0x00000000d5580000,0x00000000dd280000)
  from space 9216K, 99% used [0x00000000dd280000,0x00000000ddb7cce8,0x00000000ddb80000)
  to   space 12800K, 0% used [0x00000000e2000000,0x00000000e2000000,0x00000000e2c80000)
 ParOldGen       total 30720K, used 13604K [0x0000000080000000, 0x0000000081e00000, 0x00000000d5580000)
  object space 30720K, 44% used [0x0000000080000000,0x0000000080d493d8,0x0000000081e00000)
 Metaspace       used 32696K, capacity 33764K, committed 33920K, reserved 1079296K
  class space    used 4448K, capacity 4718K, committed 4736K, reserved 1048576K
}
Event: 81.910 GC heap before
{Heap before GC invocations=11 (full 1):
 PSYoungGen      total 137216K, used 41035K [0x00000000d5580000, 0x00000000e2c80000, 0x0000000100000000)
  eden space 128000K, 24% used [0x00000000d5580000,0x00000000d74961e0,0x00000000dd280000)
  from space 9216K, 99% used [0x00000000dd280000,0x00000000ddb7cce8,0x00000000ddb80000)
  to   space 12800K, 0% used [0x00000000e2000000,0x00000000e2000000,0x00000000e2c80000)
 ParOldGen       total 30720K, used 13604K [0x0000000080000000, 0x0000000081e00000, 0x00000000d5580000)
  object space 30720K, 44% used [0x0000000080000000,0x0000000080d493d8,0x0000000081e00000)
 Metaspace       used 34222K, capacity 35380K, committed 35416K, reserved 1079296K
  class space    used 4706K, capacity 4969K, committed 4992K, reserved 1048576K
Event: 81.997 GC heap after
Heap after GC invocations=11 (full 1):
 PSYoungGen      total 204288K, used 8136K [0x00000000d5580000, 0x00000000e2b00000, 0x0000000100000000)
  eden space 193024K, 0% used [0x00000000d5580000,0x00000000d5580000,0x00000000e1200000)
  from space 11264K, 72% used [0x00000000e2000000,0x00000000e27f2320,0x00000000e2b00000)
  to   space 12800K, 0% used [0x00000000e1200000,0x00000000e1200000,0x00000000e1e80000)
 ParOldGen       total 30720K, used 13612K [0x0000000080000000, 0x0000000081e00000, 0x00000000d5580000)
  object space 30720K, 44% used [0x0000000080000000,0x0000000080d4b3d8,0x0000000081e00000)
 Metaspace       used 34222K, capacity 35380K, committed 35416K, reserved 1079296K
  class space    used 4706K, capacity 4969K, committed 4992K, reserved 1048576K
}
Event: 82.005 GC heap before
{Heap before GC invocations=12 (full 2):
 PSYoungGen      total 204288K, used 8136K [0x00000000d5580000, 0x00000000e2b00000, 0x0000000100000000)
  eden space 193024K, 0% used [0x00000000d5580000,0x00000000d5580000,0x00000000e1200000)
  from space 11264K, 72% used [0x00000000e2000000,0x00000000e27f2320,0x00000000e2b00000)
  to   space 12800K, 0% used [0x00000000e1200000,0x00000000e1200000,0x00000000e1e80000)
 ParOldGen       total 30720K, used 13612K [0x0000000080000000, 0x0000000081e00000, 0x00000000d5580000)
  object space 30720K, 44% used [0x0000000080000000,0x0000000080d4b3d8,0x0000000081e00000)
 Metaspace       used 34222K, capacity 35380K, committed 35416K, reserved 1079296K
  class space    used 4706K, capacity 4969K, committed 4992K, reserved 1048576K
Event: 83.548 GC heap after
Heap after GC invocations=12 (full 2):
 PSYoungGen      total 204288K, used 0K [0x00000000d5580000, 0x00000000e2b00000, 0x0000000100000000)
  eden space 193024K, 0% used [0x00000000d5580000,0x00000000d5580000,0x00000000e1200000)
  from space 11264K, 0% used [0x00000000e2000000,0x00000000e2000000,0x00000000e2b00000)
  to   space 12800K, 0% used [0x00000000e1200000,0x00000000e1200000,0x00000000e1e80000)
 ParOldGen       total 46080K, used 14547K [0x0000000080000000, 0x0000000082d00000, 0x00000000d5580000)
  object space 46080K, 31% used [0x0000000080000000,0x0000000080e34d98,0x0000000082d00000)
 Metaspace       used 34222K, capacity 35380K, committed 35416K, reserved 1079296K
  class space    used 4706K, capacity 4969K, committed 4992K, reserved 1048576K
}
Event: 111.241 GC heap before
{Heap before GC invocations=13 (full 2):
 PSYoungGen      total 204288K, used 193024K [0x00000000d5580000, 0x00000000e2b00000, 0x0000000100000000)
  eden space 193024K, 100% used [0x00000000d5580000,0x00000000e1200000,0x00000000e1200000)
  from space 11264K, 0% used [0x00000000e2000000,0x00000000e2000000,0x00000000e2b00000)
  to   space 12800K, 0% used [0x00000000e1200000,0x00000000e1200000,0x00000000e1e80000)
 ParOldGen       total 46080K, used 14547K [0x0000000080000000, 0x0000000082d00000, 0x00000000d5580000)
  object space 46080K, 31% used [0x0000000080000000,0x0000000080e34d98,0x0000000082d00000)
 Metaspace       used 45472K, capacity 47262K, committed 47448K, reserved 1089536K
  class space    used 6137K, capacity 6475K, committed 6528K, reserved 1048576K
Event: 112.730 GC heap after
Heap after GC invocations=13 (full 2):
 PSYoungGen      total 205824K, used 12780K [0x00000000d5580000, 0x00000000e7500000, 0x0000000100000000)
  eden space 193024K, 0% used [0x00000000d5580000,0x00000000d5580000,0x00000000e1200000)
  from space 12800K, 99% used [0x00000000e1200000,0x00000000e1e7b2d8,0x00000000e1e80000)
  to   space 16384K, 0% used [0x00000000e6500000,0x00000000e6500000,0x00000000e7500000)
 ParOldGen       total 46080K, used 18214K [0x0000000080000000, 0x0000000082d00000, 0x00000000d5580000)
  object space 46080K, 39% used [0x0000000080000000,0x00000000811c9878,0x0000000082d00000)
 Metaspace       used 45472K, capacity 47262K, committed 47448K, reserved 1089536K
  class space    used 6137K, capacity 6475K, committed 6528K, reserved 1048576K
}

Deoptimization events (10 events):
Event: 114.809 Thread 0x0000000019c20800 Uncommon trap: reason=bimorphic action=maybe_recompile pc=0x000000000334dc38 method=java.util.regex.Pattern$CharProperty.match(Ljava/util/regex/Matcher;ILjava/lang/CharSequence;)Z @ 18
Event: 114.809 Thread 0x0000000019c20800 Uncommon trap: reason=bimorphic action=maybe_recompile pc=0x000000000334dc38 method=java.util.regex.Pattern$CharProperty.match(Ljava/util/regex/Matcher;ILjava/lang/CharSequence;)Z @ 18
Event: 114.809 Thread 0x0000000019c20800 Uncommon trap: reason=bimorphic action=maybe_recompile pc=0x000000000334dc38 method=java.util.regex.Pattern$CharProperty.match(Ljava/util/regex/Matcher;ILjava/lang/CharSequence;)Z @ 18
Event: 114.959 Thread 0x0000000019c20800 Uncommon trap: reason=bimorphic action=maybe_recompile pc=0x000000000334dc38 method=java.util.regex.Pattern$CharProperty.match(Ljava/util/regex/Matcher;ILjava/lang/CharSequence;)Z @ 18
Event: 116.911 Thread 0x0000000019c20800 Uncommon trap: reason=unstable_if action=reinterpret pc=0x00000000029d15b0 method=org.gradle.internal.reflect.PropertyAccessorType.of(Ljava/lang/reflect/Method;)Lorg/gradle/internal/reflect/PropertyAccessorType; @ 56
Event: 118.227 Thread 0x0000000019c20800 Uncommon trap: reason=unstable_if action=reinterpret pc=0x00000000035509d8 method=com.google.gson.stream.JsonReader.doPeek()I @ 315
Event: 119.554 Thread 0x0000000019c20800 Uncommon trap: reason=unstable_if action=reinterpret pc=0x00000000035ee4b4 method=com.sun.org.apache.xerces.internal.impl.XMLEntityScanner.checkBeforeLoad(Lcom/sun/xml/internal/stream/Entity$ScannedEntity;II)I @ 18
Event: 120.105 Thread 0x0000000019c20800 Uncommon trap: reason=unstable_if action=reinterpret pc=0x0000000002eb0b70 method=org.gradle.internal.instantiation.generator.AbstractClassGenerator$InjectionAnnotationValidator.validateMethod(Ljava/lang/reflect/Method;Lorg/gradle/internal/reflect/Propert
Event: 120.121 Thread 0x0000000019c20800 Uncommon trap: reason=unstable_if action=reinterpret pc=0x00000000030d7884 method=org.gradle.internal.instantiation.generator.AbstractClassGenerator$InjectionAnnotationValidator.validateMethod(Ljava/lang/reflect/Method;Lorg/gradle/internal/reflect/Propert
Event: 121.135 Thread 0x0000000019c20800 Uncommon trap: reason=null_check action=make_not_entrant pc=0x0000000002f3699c method=java.lang.Class.searchMethods([Ljava/lang/reflect/Method;Ljava/lang/String;[Ljava/lang/Class;)Ljava/lang/reflect/Method; @ 59

Classes redefined (0 events):
No events

Internal exceptions (10 events):
Event: 121.006 Thread 0x0000000019c20800 Exception <a 'java/lang/ClassNotFoundException': com/android/build/gradle/AppExtensionBeanInfo> (0x00000000d8b33ce8) thrown at [C:\src\AOSP-openjdk-git\hotspot\src\share\vm\classfile\systemDictionary.cpp, line 210]
Event: 121.013 Thread 0x0000000019c20800 Exception <a 'java/lang/ClassNotFoundException': com/android/build/gradle/AbstractAppExtensionBeanInfo> (0x00000000d8b4d840) thrown at [C:\src\AOSP-openjdk-git\hotspot\src\share\vm\classfile\systemDictionary.cpp, line 210]
Event: 121.017 Thread 0x0000000019c20800 Exception <a 'java/lang/ClassNotFoundException': com/android/build/gradle/TestedExtensionBeanInfo> (0x00000000d8b65b48) thrown at [C:\src\AOSP-openjdk-git\hotspot\src\share\vm\classfile\systemDictionary.cpp, line 210]
Event: 121.018 Thread 0x0000000019c20800 Exception <a 'java/lang/ClassNotFoundException': com/android/build/gradle/BaseExtensionBeanInfo> (0x00000000d8b7d218) thrown at [C:\src\AOSP-openjdk-git\hotspot\src\share\vm\classfile\systemDictionary.cpp, line 210]
Event: 121.022 Thread 0x0000000019c20800 Exception <a 'java/lang/ClassNotFoundException': com/android/build/gradle/BaseExtensionCustomizer> (0x00000000d8b95450) thrown at [C:\src\AOSP-openjdk-git\hotspot\src\share\vm\classfile\systemDictionary.cpp, line 210]
Event: 121.045 Thread 0x0000000019c20800 Exception <a 'java/lang/ClassNotFoundException': com/android/build/gradle/TestedExtensionCustomizer> (0x00000000d8c28a98) thrown at [C:\src\AOSP-openjdk-git\hotspot\src\share\vm\classfile\systemDictionary.cpp, line 210]
Event: 121.051 Thread 0x0000000019c20800 Exception <a 'java/lang/ClassNotFoundException': com/android/build/gradle/AbstractAppExtensionCustomizer> (0x00000000d8c60118) thrown at [C:\src\AOSP-openjdk-git\hotspot\src\share\vm\classfile\systemDictionary.cpp, line 210]
Event: 121.054 Thread 0x0000000019c20800 Exception <a 'java/lang/ClassNotFoundException': com/android/build/gradle/AppExtensionCustomizer> (0x00000000d8c91108) thrown at [C:\src\AOSP-openjdk-git\hotspot\src\share\vm\classfile\systemDictionary.cpp, line 210]
Event: 121.063 Thread 0x0000000019c20800 Exception <a 'java/lang/ClassNotFoundException': com/android/build/gradle/internal/dsl/BaseAppModuleExtensionCustomizer> (0x00000000d8cc6850) thrown at [C:\src\AOSP-openjdk-git\hotspot\src\share\vm\classfile\systemDictionary.cpp, line 210]
Event: 121.087 Thread 0x0000000019c20800 Exception <a 'java/lang/ClassNotFoundException': com/android/build/gradle/internal/dsl/BaseAppModuleExtension_DecoratedCustomizer> (0x00000000d8dda550) thrown at [C:\src\AOSP-openjdk-git\hotspot\src\share\vm\classfile\systemDictionary.cpp, line 210]

Events (10 events):
Event: 121.087 loading class com/android/build/gradle/internal/dsl/BaseAppModuleExtension_DecoratedCustomizer done
Event: 121.120 loading class groovy/runtime/metaclass/build_4wopguej6zoguualtj0e13ctl$_run_closure1$_closure3MetaClass
Event: 121.120 loading class groovy/runtime/metaclass/build_4wopguej6zoguualtj0e13ctl$_run_closure1$_closure3MetaClass done
Event: 121.122 loading class org/gradle/util/ConfigureUtil
Event: 121.122 loading class org/gradle/util/ConfigureUtil done
Event: 121.122 loading class groovy/runtime/metaclass/com/android/build/gradle/internal/dsl/DefaultConfig_DecoratedMetaClass
Event: 121.122 loading class groovy/runtime/metaclass/com/android/build/gradle/internal/dsl/DefaultConfig_DecoratedMetaClass done
Event: 121.135 Thread 0x0000000019c20800 Uncommon trap: trap_request=0xfffffff4 fr.pc=0x0000000002f3699c
Event: 121.135 Thread 0x0000000019c20800 DEOPT PACKING pc=0x0000000002f3699c sp=0x000000001cd769f0
Event: 121.135 Thread 0x0000000019c20800 DEOPT UNPACKING pc=0x000000000282557b sp=0x000000001cd769c8 mode 2


Dynamic libraries:
0x00007ff635980000 - 0x00007ff6359b1000 	F:\studio\jre\bin\java.exe
0x00007ff958430000 - 0x00007ff958626000 	C:\WINDOWS\SYSTEM32\ntdll.dll
0x00007ff956f20000 - 0x00007ff956fdd000 	C:\WINDOWS\System32\KERNEL32.DLL
0x00007ff955f20000 - 0x00007ff9561e8000 	C:\WINDOWS\System32\KERNELBASE.dll
0x00007ff957790000 - 0x00007ff95783a000 	C:\WINDOWS\System32\ADVAPI32.dll
0x00007ff9576f0000 - 0x00007ff95778e000 	C:\WINDOWS\System32\msvcrt.dll
0x00007ff958350000 - 0x00007ff9583eb000 	C:\WINDOWS\System32\sechost.dll
0x00007ff956740000 - 0x00007ff956864000 	C:\WINDOWS\System32\RPCRT4.dll
0x00007ff958070000 - 0x00007ff958210000 	C:\WINDOWS\System32\USER32.dll
0x00007ff955be0000 - 0x00007ff955c02000 	C:\WINDOWS\System32\win32u.dll
0x00007ff958210000 - 0x00007ff95823a000 	C:\WINDOWS\System32\GDI32.dll
0x00007ff955c60000 - 0x00007ff955d69000 	C:\WINDOWS\System32\gdi32full.dll
0x00007ff9561f0000 - 0x00007ff95628d000 	C:\WINDOWS\System32\msvcp_win.dll
0x00007ff955e20000 - 0x00007ff955f20000 	C:\WINDOWS\System32\ucrtbase.dll
0x00007ff93f270000 - 0x00007ff93f50b000 	C:\WINDOWS\WinSxS\amd64_microsoft.windows.common-controls_6595b64144ccf1df_6.0.19041.488_none_ca04af081b815d21\COMCTL32.dll
0x00007ff9578a0000 - 0x00007ff9578d0000 	C:\WINDOWS\System32\IMM32.DLL
0x0000000064a50000 - 0x0000000064b22000 	F:\studio\jre\jre\bin\msvcr100.dll
0x0000000064b30000 - 0x000000006537b000 	F:\studio\jre\jre\bin\server\jvm.dll
0x00007ff9565d0000 - 0x00007ff9565d8000 	C:\WINDOWS\System32\PSAPI.DLL
0x00007ff942c30000 - 0x00007ff942c39000 	C:\WINDOWS\SYSTEM32\WSOCK32.dll
0x00007ff948350000 - 0x00007ff94835a000 	C:\WINDOWS\SYSTEM32\VERSION.dll
0x00007ff943d70000 - 0x00007ff943d97000 	C:\WINDOWS\SYSTEM32\WINMM.dll
0x00007ff9565e0000 - 0x00007ff95664b000 	C:\WINDOWS\System32\WS2_32.dll
0x00007ff952bb0000 - 0x00007ff952bbf000 	F:\studio\jre\jre\bin\verify.dll
0x00007ff94d710000 - 0x00007ff94d739000 	F:\studio\jre\jre\bin\java.dll
0x00007ff94d8a0000 - 0x00007ff94d8b6000 	F:\studio\jre\jre\bin\zip.dll
0x00007ff9578d0000 - 0x00007ff958010000 	C:\WINDOWS\System32\SHELL32.dll
0x00007ff953900000 - 0x00007ff954094000 	C:\WINDOWS\SYSTEM32\windows.storage.dll
0x00007ff956a10000 - 0x00007ff956d65000 	C:\WINDOWS\System32\combase.dll
0x00007ff955520000 - 0x00007ff95554c000 	C:\WINDOWS\SYSTEM32\Wldp.dll
0x00007ff958240000 - 0x00007ff9582ee000 	C:\WINDOWS\System32\SHCORE.dll
0x00007ff957840000 - 0x00007ff957895000 	C:\WINDOWS\System32\shlwapi.dll
0x00007ff955ab0000 - 0x00007ff955ad6000 	C:\WINDOWS\SYSTEM32\profapi.dll
0x00007ff946cb0000 - 0x00007ff946cca000 	F:\studio\jre\jre\bin\net.dll
0x00007ff9552a0000 - 0x00007ff95530a000 	C:\WINDOWS\system32\mswsock.dll
0x00007ff946c90000 - 0x00007ff946ca3000 	F:\studio\jre\jre\bin\nio.dll
0x00007ff937fc0000 - 0x00007ff937fe7000 	C:\Users\Majid jani\.gradle\native\f6784746aeab05261644944871eae4fe03e0ef1612fff0a4a95f87b438bc6780\windows-amd64\native-platform.dll
0x00007ff950d60000 - 0x00007ff950d6d000 	F:\studio\jre\jre\bin\management.dll
0x00007ff955470000 - 0x00007ff955488000 	C:\WINDOWS\SYSTEM32\CRYPTSP.dll
0x00007ff954c30000 - 0x00007ff954c64000 	C:\WINDOWS\system32\rsaenh.dll
0x00007ff955df0000 - 0x00007ff955e17000 	C:\WINDOWS\System32\bcrypt.dll
0x00007ff955a70000 - 0x00007ff955a9e000 	C:\WINDOWS\SYSTEM32\USERENV.dll
0x00007ff955d70000 - 0x00007ff955def000 	C:\WINDOWS\System32\bcryptprimitives.dll
0x00007ff955490000 - 0x00007ff95549c000 	C:\WINDOWS\SYSTEM32\CRYPTBASE.dll
0x00007ff954f90000 - 0x00007ff954fcb000 	C:\WINDOWS\SYSTEM32\IPHLPAPI.DLL
0x00007ff9576e0000 - 0x00007ff9576e9000 	C:\WINDOWS\System32\NSI.dll
0x00007ff94c5b0000 - 0x00007ff94c5c7000 	C:\WINDOWS\SYSTEM32\dhcpcsvc6.DLL
0x00007ff94a4f0000 - 0x00007ff94a50d000 	C:\WINDOWS\SYSTEM32\dhcpcsvc.DLL
0x00007ff954fd0000 - 0x00007ff95509b000 	C:\WINDOWS\SYSTEM32\DNSAPI.dll
0x00007ff94e980000 - 0x00007ff94e98b000 	C:\WINDOWS\SYSTEM32\WINNSI.DLL

VM Arguments:
jvm_args: -Xmx2048m -Dfile.encoding=UTF-8 -Duser.country=US -Duser.language=en -Duser.variant 
java_command: org.gradle.launcher.daemon.bootstrap.GradleDaemon 6.5
java_class_path (initial): C:\Users\Majid jani\.gradle\wrapper\dists\gradle-6.5-bin\6nifqtx7604sqp1q6g8wikw7p\gradle-6.5\lib\gradle-launcher-6.5.jar
Launcher Type: SUN_STANDARD

Environment Variables:
PATH=C:\Program Files\Common Files\Oracle\Java\javapath;C:\WINDOWS\system32;C:\WINDOWS;C:\WINDOWS\System32\Wbem;C:\WINDOWS\System32\WindowsPowerShell\v1.0\;C:\WINDOWS\System32\OpenSSH\;C:\Users\Majid jani\AppData\Local\Microsoft\WindowsApps;
USERNAME=Majid jani
OS=Windows_NT
PROCESSOR_IDENTIFIER=Intel64 Family 6 Model 61 Stepping 4, GenuineIntel



---------------  S Y S T E M  ---------------

OS: Windows 10.0 , 64 bit Build 19041 (10.0.19041.546)

CPU:total 4 (initial active 4) (2 cores per cpu, 2 threads per core) family 6 model 61 stepping 4, cmov, cx8, fxsr, mmx, sse, sse2, sse3, ssse3, sse4.1, sse4.2, popcnt, avx, avx2, aes, clmul, erms, 3dnowpref, lzcnt, ht, tsc, tscinvbit, bmi1, bmi2, adx

Memory: 4k page, physical 4107804k(54232k free), swap 7920108k(5656k free)

vm_info: OpenJDK 64-Bit Server VM (25.242-b01) for windows-amd64 JRE (1.8.0_242-release-1644-b01), built by "builder" with MS VC++ 10.0 (VS2010)

time: Mon Oct 26 20:49:51 2020
timezone: Pacific Daylight Time
elapsed time: 121 seconds (0d 0h 2m 1s)

